platforms/android/app/build/outputs/logs/manifest-merger-debug-report.txt
-- Merging decision tree log ---
manifest
ADDED from src/main/AndroidManifest.xml:2:1-14:12
INJECTED from src/main/AndroidManifest.xml:2:1-14:12
INJECTED from src/main/AndroidManifest.xml:2:1-14:12
INJECTED from src/main/AndroidManifest.xml:2:1-14:12
MERGED from [com.github.NeutrinosPlatform:scanlibrary:master-SNAPSHOT] AndroidManifest.xml:2:1-41:12
MERGED from [:CordovaLib] AndroidManifest.xml:20:1-27:12
MERGED from [com.android.support:support-v4:24.2.1] AndroidManifest.xml:17:1-27:12
MERGED from [com.android.support:support-fragment:24.2.1] AndroidManifest.xml:17:1-27:12
MERGED from [com.android.support:support-media-compat:24.2.1] AndroidManifest.xml:17:1-27:12
MERGED from [com.android.support:support-core-utils:24.2.1] AndroidManifest.xml:17:1-27:12
MERGED from [com.android.support:support-core-ui:24.2.1] AndroidManifest.xml:17:1-27:12
MERGED from [com.android.support:support-compat:24.2.1] AndroidManifest.xml:17:1-27:12
INJECTED from src/main/AndroidManifest.xml:2:1-14:12
INJECTED from src/main/AndroidManifest.xml:2:1-14:12
INJECTED from src/main/AndroidManifest.xml:2:1-14:12
	package
		ADDED from src/main/AndroidManifest.xml:2:98-124
		INJECTED from src/main/AndroidManifest.xml
		INJECTED from src/main/AndroidManifest.xml
	android:versionName
		ADDED from src/main/AndroidManifest.xml:2:70-97
		INJECTED from src/main/AndroidManifest.xml
		INJECTED from src/main/AndroidManifest.xml
	android:hardwareAccelerated
		ADDED from src/main/AndroidManifest.xml:2:11-45
	xmlns:android
		ADDED from src/main/AndroidManifest.xml:2:125-183
	android:versionCode
		ADDED from src/main/AndroidManifest.xml:2:46-69
		INJECTED from src/main/AndroidManifest.xml
		INJECTED from src/main/AndroidManifest.xml
supports-screens
ADDED from src/main/AndroidManifest.xml:3:5-191
	android:largeScreens
		ADDED from src/main/AndroidManifest.xml:3:49-76
	android:smallScreens
		ADDED from src/main/AndroidManifest.xml:3:132-159
	android:normalScreens
		ADDED from src/main/AndroidManifest.xml:3:77-105
	android:xlargeScreens
		ADDED from src/main/AndroidManifest.xml:3:160-188
	android:resizeable
		ADDED from src/main/AndroidManifest.xml:3:106-131
	android:anyDensity
		ADDED from src/main/AndroidManifest.xml:3:23-48
uses-permission#android.permission.INTERNET
ADDED from src/main/AndroidManifest.xml:4:5-67
	android:name
		ADDED from src/main/AndroidManifest.xml:4:22-64
application
ADDED from src/main/AndroidManifest.xml:5:5-12:19
MERGED from [com.github.NeutrinosPlatform:scanlibrary:master-SNAPSHOT] AndroidManifest.xml:19:5-39:19
MERGED from [com.github.NeutrinosPlatform:scanlibrary:master-SNAPSHOT] AndroidManifest.xml:19:5-39:19
MERGED from [com.android.support:support-v4:24.2.1] AndroidManifest.xml:25:5-20
MERGED from [com.android.support:support-v4:24.2.1] AndroidManifest.xml:25:5-20
MERGED from [com.android.support:support-fragment:24.2.1] AndroidManifest.xml:25:5-20
MERGED from [com.android.support:support-fragment:24.2.1] AndroidManifest.xml:25:5-20
MERGED from [com.android.support:support-media-compat:24.2.1] AndroidManifest.xml:25:5-20
MERGED from [com.android.support:support-media-compat:24.2.1] AndroidManifest.xml:25:5-20
MERGED from [com.android.support:support-core-utils:24.2.1] AndroidManifest.xml:25:5-20
MERGED from [com.android.support:support-core-utils:24.2.1] AndroidManifest.xml:25:5-20
MERGED from [com.android.support:support-core-ui:24.2.1] AndroidManifest.xml:25:5-20
MERGED from [com.android.support:support-core-ui:24.2.1] AndroidManifest.xml:25:5-20
MERGED from [com.android.support:support-compat:24.2.1] AndroidManifest.xml:25:5-20
MERGED from [com.android.support:support-compat:24.2.1] AndroidManifest.xml:25:5-20
	android:supportsRtl
		ADDED from src/main/AndroidManifest.xml:5:114-140
	android:label
		ADDED from src/main/AndroidManifest.xml:5:81-113
	android:hardwareAccelerated
		ADDED from src/main/AndroidManifest.xml:5:18-52
	android:largeHeap
		ADDED from [com.github.NeutrinosPlatform:scanlibrary:master-SNAPSHOT] AndroidManifest.xml:23:9-33
	android:allowBackup
		ADDED from [com.github.NeutrinosPlatform:scanlibrary:master-SNAPSHOT] AndroidManifest.xml:20:9-35
	android:icon
		ADDED from src/main/AndroidManifest.xml:5:53-80
activity#io.ionic.starter.MainActivity
ADDED from src/main/AndroidManifest.xml:6:9-11:20
	android:label
		ADDED from src/main/AndroidManifest.xml:6:97-134
	android:launchMode
		ADDED from src/main/AndroidManifest.xml:6:135-165
	android:windowSoftInputMode
		ADDED from src/main/AndroidManifest.xml:6:257-299
	android:configChanges
		ADDED from src/main/AndroidManifest.xml:6:19-96
	android:theme
		ADDED from src/main/AndroidManifest.xml:6:194-256
	android:name
		ADDED from src/main/AndroidManifest.xml:6:166-193
intent-filter#android.intent.action.MAIN+android.intent.category.LAUNCHER
ADDED from src/main/AndroidManifest.xml:7:13-10:29
	android:label
		ADDED from src/main/AndroidManifest.xml:7:28-65
action#android.intent.action.MAIN
ADDED from src/main/AndroidManifest.xml:8:17-69
	android:name
		ADDED from src/main/AndroidManifest.xml:8:25-66
category#android.intent.category.LAUNCHER
ADDED from src/main/AndroidManifest.xml:9:17-77
	android:name
		ADDED from src/main/AndroidManifest.xml:9:27-74
uses-sdk
ADDED from src/main/AndroidManifest.xml:13:5-74
MERGED from [com.github.NeutrinosPlatform:scanlibrary:master-SNAPSHOT] AndroidManifest.xml:7:5-9:41
MERGED from [com.github.NeutrinosPlatform:scanlibrary:master-SNAPSHOT] AndroidManifest.xml:7:5-9:41
MERGED from [:CordovaLib] AndroidManifest.xml:25:5-44
MERGED from [:CordovaLib] AndroidManifest.xml:25:5-44
MERGED from [com.android.support:support-v4:24.2.1] AndroidManifest.xml:21:5-23:54
MERGED from [com.android.support:support-v4:24.2.1] AndroidManifest.xml:21:5-23:54
MERGED from [com.android.support:support-fragment:24.2.1] AndroidManifest.xml:21:5-23:60
MERGED from [com.android.support:support-fragment:24.2.1] AndroidManifest.xml:21:5-23:60
MERGED from [com.android.support:support-media-compat:24.2.1] AndroidManifest.xml:21:5-23:63
MERGED from [com.android.support:support-media-compat:24.2.1] AndroidManifest.xml:21:5-23:63
MERGED from [com.android.support:support-core-utils:24.2.1] AndroidManifest.xml:21:5-23:61
MERGED from [com.android.support:support-core-utils:24.2.1] AndroidManifest.xml:21:5-23:61
MERGED from [com.android.support:support-core-ui:24.2.1] AndroidManifest.xml:21:5-23:58
MERGED from [com.android.support:support-core-ui:24.2.1] AndroidManifest.xml:21:5-23:58
MERGED from [com.android.support:support-compat:24.2.1] AndroidManifest.xml:21:5-23:58
MERGED from [com.android.support:support-compat:24.2.1] AndroidManifest.xml:21:5-23:58
	tools:overrideLibrary
		ADDED from [com.android.support:support-v4:24.2.1] AndroidManifest.xml:23:9-51
	android:targetSdkVersion
		ADDED from src/main/AndroidManifest.xml:13:42-71
	android:minSdkVersion
		ADDED from src/main/AndroidManifest.xml:13:15-41
uses-feature#android.hardware.camera
ADDED from [com.github.NeutrinosPlatform:scanlibrary:master-SNAPSHOT] AndroidManifest.xml:11:5-13:35
	android:required
		ADDED from [com.github.NeutrinosPlatform:scanlibrary:master-SNAPSHOT] AndroidManifest.xml:13:9-32
	android:name
		ADDED from [com.github.NeutrinosPlatform:scanlibrary:master-SNAPSHOT] AndroidManifest.xml:12:9-47
uses-permission#android.permission.CAMERA
ADDED from [com.github.NeutrinosPlatform:scanlibrary:master-SNAPSHOT] AndroidManifest.xml:15:5-65
	android:name
		ADDED from [com.github.NeutrinosPlatform:scanlibrary:master-SNAPSHOT] AndroidManifest.xml:15:22-62
uses-permission#android.permission.READ_EXTERNAL_STORAGE
ADDED from [com.github.NeutrinosPlatform:scanlibrary:master-SNAPSHOT] AndroidManifest.xml:16:5-80
IMPLIED from src/main/AndroidManifest.xml:2:1-14:12 reason: com.scanlibrary requested WRITE_EXTERNAL_STORAGE
	android:name
		ADDED from [com.github.NeutrinosPlatform:scanlibrary:master-SNAPSHOT] AndroidManifest.xml:16:22-77
uses-permission#android.permission.WRITE_EXTERNAL_STORAGE
ADDED from [com.github.NeutrinosPlatform:scanlibrary:master-SNAPSHOT] AndroidManifest.xml:17:5-81
	android:name
		ADDED from [com.github.NeutrinosPlatform:scanlibrary:master-SNAPSHOT] AndroidManifest.xml:17:22-78
activity#com.scanlibrary.ScanActivity
ADDED from [com.github.NeutrinosPlatform:scanlibrary:master-SNAPSHOT] AndroidManifest.xml:24:9-28:20
	android:label
		ADDED from [com.github.NeutrinosPlatform:scanlibrary:master-SNAPSHOT] AndroidManifest.xml:27:13-45
	android:configChanges
		ADDED from [com.github.NeutrinosPlatform:scanlibrary:master-SNAPSHOT] AndroidManifest.xml:26:13-59
	android:name
		ADDED from [com.github.NeutrinosPlatform:scanlibrary:master-SNAPSHOT] AndroidManifest.xml:25:13-56
provider#com.scanlibrary.CustomFileProvider
ADDED from [com.github.NeutrinosPlatform:scanlibrary:master-SNAPSHOT] AndroidManifest.xml:30:9-38:20
	android:grantUriPermissions
		ADDED from [com.github.NeutrinosPlatform:scanlibrary:master-SNAPSHOT] AndroidManifest.xml:34:13-47
	android:authorities
		ADDED from [com.github.NeutrinosPlatform:scanlibrary:master-SNAPSHOT] AndroidManifest.xml:32:13-76
	android:exported
		ADDED from [com.github.NeutrinosPlatform:scanlibrary:master-SNAPSHOT] AndroidManifest.xml:33:13-37
	android:name
		ADDED from [com.github.NeutrinosPlatform:scanlibrary:master-SNAPSHOT] AndroidManifest.xml:31:13-62
meta-data#android.support.FILE_PROVIDER_PATHS
ADDED from [com.github.NeutrinosPlatform:scanlibrary:master-SNAPSHOT] AndroidManifest.xml:35:13-37:58
	android:resource
		ADDED from [com.github.NeutrinosPlatform:scanlibrary:master-SNAPSHOT] AndroidManifest.xml:37:17-55
	android:name
		ADDED from [com.github.NeutrinosPlatform:scanlibrary:master-SNAPSHOT] AndroidManifest.xml:36:17-67